#
# A fatal error has been detected by the Java Runtime Environment:
#
#  SIGSEGV (0xb) at pc=0x00007f965eaae17b, pid=6667, tid=140283822163712
#
# JRE version: 6.0_30-b30
# Java VM: OpenJDK 64-Bit Server VM (23.25-b01 mixed mode linux-amd64 compressed oops)
# Problematic frame:
# C  [libc.so.6+0x6f17b]  fgets+0x1b
#
# Failed to write core dump. Core dumps have been disabled. To enable core dumping, try "ulimit -c unlimited" before starting Java again
#
# If you would like to submit a bug report, please include
# instructions how to reproduce the bug and visit:
#   https://bugs.launchpad.net/ubuntu/+source/openjdk-6/
# The crash happened outside the Java Virtual Machine in native code.
# See problematic frame for where to report the bug.
#

---------------  T H R E A D  ---------------

Current thread (0x00007f965800d800):  JavaThread "main" [_thread_in_native, id=6671, stack(0x00007f965f534000,0x00007f965f635000)]

siginfo:si_signo=SIGSEGV: si_errno=0, si_code=1 (SEGV_MAPERR), si_addr=0x0000000000000000

Registers:
RAX=0x00007f96582ee600, RBX=0x0000000000000025, RCX=0xffffffffffffff80, RDX=0x0000000000000000
RSP=0x00007f965f632890, RBP=0x00007f96582ee600, RSI=0x000000000000001e, RDI=0x00007f96582ee600
R8 =0x0000000000000000, R9 =0x000000000000001e, R10=0x00007f965f632650, R11=0x00007f965eaae160
R12=0x0000000000000033, R13=0x0000000000000000, R14=0x0000000000000033, R15=0x0000000000000000
RIP=0x00007f965eaae17b, EFLAGS=0x0000000000010206, CSGSFS=0x0000000000000033, ERR=0x0000000000000004
  TRAPNO=0x000000000000000e

Top of Stack: (sp=0x00007f965f632890)
0x00007f965f632890:   0000000000000025 00007f965f632970
0x00007f965f6328a0:   0000000000000033 00007f964efd4a65
0x00007f965f6328b0:   7270222070657267 22726f737365636f
0x00007f965f6328c0:   632f636f72702f20 7c206f666e697570
0x00007f965f6328d0:   203e206c2d206377 7250544d48706d74
0x00007f965f6328e0:   000000000079786f 00007f964efd49b1
0x00007f965f6328f0:   00007f965f6328f0 00007f964efd5b48
0x00007f965f632900:   00007f965f633498 00007f964efd39b8
0x00007f965f632910:   0000000000000000 00007f964efd5aef
0x00007f965f632920:   0000000000000032 00007f965f6328b0
0x00007f965f632930:   00007f96582ee600 0000000000000000
0x00007f965f632940:   00007f965f632a68 0000000000000000
0x00007f965f632950:   0000000000000000 00000000f5d46e70
0x00007f965f632960:   00007f965f633498 00007f965f633360
0x00007f965f632970:   00007f965f6329a0 00007f964efd4b70
0x00007f965f632980:   00007f964efd5b48 00007f964efd5b48
0x00007f965f632990:   00007f965e3d3545 00007f96582ed4c0
0x00007f965f6329a0:   00007f965f6329b0 00007f964efd4dfb
0x00007f965f6329b0:   00007f965f6329c0 00007f964f3ec7a0
0x00007f965f6329c0:   000000000000000a 00007f965f6333e8
0x00007f965f6329d0:   00007f965f632ab0 00007f964f3ec29b
0x00007f965f6329e0:   000000000000000a 00007f965f633360
0x00007f965f6329f0:   00000000f5d46e70 00007f965f633498
0x00007f965f632a00:   00007f965f632a90 00007f964f3ebef5
0x00007f965f632a10:   00007f96582c8160 00007f965f632ac0
0x00007f965f632a20:   00007f965f6333e8 00007f964efd4dde
0x00007f965f632a30:   00007f965f6329c0 00007f965f632ad0
0x00007f965f632a40:   0000000000000002 00007f965f632c30
0x00007f965f632a50:   00007f9600000000 0000000100000000
0x00007f965f632a60:   00007f96582c84e8 00000000f5d46e70
0x00007f965f632a70:   0000000000000000 00000000f5d46e70
0x00007f965f632a80:   00007f965f633498 0000000000000000 

Instructions: (pc=0x00007f965eaae17b)
0x00007f965eaae15b:   00 00 00 00 00 41 54 85 f6 41 89 f1 55 53 0f 8e
0x00007f965eaae16b:   01 01 00 00 83 fe 01 48 89 fd 0f 84 f9 00 00 00
0x00007f965eaae17b:   8b 0a 48 89 d3 89 c8 25 00 80 00 00 75 4d 4c 8b
0x00007f965eaae18b:   83 88 00 00 00 64 48 8b 14 25 10 00 00 00 49 3b 

Register to memory mapping:

RAX=0x00007f96582ee600 is an unknown value
RBX=0x0000000000000025 is an unknown value
RCX=0xffffffffffffff80 is an unknown value
RDX=0x0000000000000000 is an unknown value
RSP=0x00007f965f632890 is pointing into the stack for thread: 0x00007f965800d800
RBP=0x00007f96582ee600 is an unknown value
RSI=0x000000000000001e is an unknown value
RDI=0x00007f96582ee600 is an unknown value
R8 =0x0000000000000000 is an unknown value
R9 =0x000000000000001e is an unknown value
R10=0x00007f965f632650 is pointing into the stack for thread: 0x00007f965800d800
R11=0x00007f965eaae160: fgets+0 in /lib/x86_64-linux-gnu/libc.so.6 at 0x00007f965ea3f000
R12=0x0000000000000033 is an unknown value
R13=0x0000000000000000 is an unknown value
R14=0x0000000000000033 is an unknown value
R15=0x0000000000000000 is an unknown value


Stack: [0x00007f965f534000,0x00007f965f635000],  sp=0x00007f965f632890,  free space=1018k
Native frames: (J=compiled Java code, j=interpreted, Vv=VM code, C=native code)
C  [libc.so.6+0x6f17b]  fgets+0x1b

Java frames: (J=compiled Java code, j=interpreted, Vv=VM code)
j  com.sun.jna.Native.invokeInt(JI[Ljava/lang/Object;)I+0
j  com.sun.jna.Function.invoke([Ljava/lang/Object;Ljava/lang/Class;Z)Ljava/lang/Object;+225
j  com.sun.jna.Function.invoke(Ljava/lang/Class;[Ljava/lang/Object;Ljava/util/Map;)Ljava/lang/Object;+262
j  com.sun.jna.Library$Handler.invoke(Ljava/lang/Object;Ljava/lang/reflect/Method;[Ljava/lang/Object;)Ljava/lang/Object;+316
j  com.sun.proxy.$Proxy1.getLogicalCores()I+9
j  be.sizingservers.vapus.hmt.agent.cpu.CPU.<init>(JJ)V+50
j  be.sizingservers.vapus.hmt.agent.cpu.IntelCPU.<init>(JJ)V+3
j  be.sizingservers.vapus.hmt.agent.cpu.CPUProvider.<init>()V+33
j  be.sizingservers.vapus.hmt.agent.HMTMonitor.init()V+33
j  be.sizingservers.vapus.hmt.agent.HMTMonitor.<init>()V+5
j  be.sizingservers.vapus.hmt.agent.HMTAgent.main([Ljava/lang/String;)V+12
v  ~StubRoutines::call_stub

---------------  P R O C E S S  ---------------

Java Threads: ( => current thread )
  0x00007f9658105000 JavaThread "Low Memory Detector" daemon [_thread_blocked, id=6685, stack(0x00007f964f5f3000,0x00007f964f6f4000)]
  0x00007f9658102800 JavaThread "C2 CompilerThread1" daemon [_thread_blocked, id=6684, stack(0x00007f964f6f4000,0x00007f964f7f5000)]
  0x00007f9658100000 JavaThread "C2 CompilerThread0" daemon [_thread_blocked, id=6683, stack(0x00007f964f7f5000,0x00007f964f8f6000)]
  0x00007f9638001000 JavaThread "JDWP Command Reader" daemon [_thread_in_native, id=6680, stack(0x00007f964f8f6000,0x00007f964f9f7000)]
  0x00007f96580fe000 JavaThread "JDWP Event Helper Thread" daemon [_thread_blocked, id=6679, stack(0x00007f964f9f7000,0x00007f964faf8000)]
  0x00007f96580fa800 JavaThread "JDWP Transport Listener: dt_socket" daemon [_thread_blocked, id=6677, stack(0x00007f964faf8000,0x00007f964fbf9000)]
  0x00007f96580ed000 JavaThread "Signal Dispatcher" daemon [_thread_blocked, id=6676, stack(0x00007f964fdfe000,0x00007f964feff000)]
  0x00007f965809f000 JavaThread "Finalizer" daemon [_thread_blocked, id=6674, stack(0x00007f964feff000,0x00007f9650000000)]
  0x00007f965809d000 JavaThread "Reference Handler" daemon [_thread_blocked, id=6673, stack(0x00007f96540f6000,0x00007f96541f7000)]
=>0x00007f965800d800 JavaThread "main" [_thread_in_native, id=6671, stack(0x00007f965f534000,0x00007f965f635000)]

Other Threads:
  0x00007f965808e000 VMThread [stack: 0x00007f96541f7000,0x00007f96542f8000] [id=6672]
  0x00007f9658110000 WatcherThread [stack: 0x00007f964f4f2000,0x00007f964f5f3000] [id=6686]

VM state:not at safepoint (normal execution)

VM Mutex/Monitor currently owned by a thread: None

Heap
 def new generation   total 4800K, used 2562K [0x00000000d6800000, 0x00000000d6d30000, 0x00000000e0e00000)
  eden space 4288K,  59% used [0x00000000d6800000, 0x00000000d6a80a00, 0x00000000d6c30000)
  from space 512K,   0% used [0x00000000d6c30000, 0x00000000d6c30000, 0x00000000d6cb0000)
  to   space 512K,   0% used [0x00000000d6cb0000, 0x00000000d6cb0000, 0x00000000d6d30000)
 tenured generation   total 10624K, used 0K [0x00000000e0e00000, 0x00000000e1860000, 0x00000000f5a00000)
   the space 10624K,   0% used [0x00000000e0e00000, 0x00000000e0e00000, 0x00000000e0e00200, 0x00000000e1860000)
 compacting perm gen  total 21248K, used 4178K [0x00000000f5a00000, 0x00000000f6ec0000, 0x0000000100000000)
   the space 21248K,  19% used [0x00000000f5a00000, 0x00000000f5e14b28, 0x00000000f5e14c00, 0x00000000f6ec0000)
No shared spaces configured.

Card table byte_map: [0x00007f965c037000,0x00007f965c184000] byte_map_base: 0x00007f965b983000

Polling page: 0x00007f965f64c000

Code Cache  [0x00007f96545bc000, 0x00007f965482c000, 0x00007f96575bc000)
 total_blobs=204 nmethods=10 adapters=156 free_code_cache=48735Kb largest_free_block=49890304

Compilation events (10 events):
Event: 0,766 Thread 0x00007f9658100000    6             java.util.Properties$LineReader::readLine (452 bytes)
Event: 0,776 Thread 0x00007f9658100000 nmethod 6 0x00007f965461c690 code [0x00007f965461c840, 0x00007f965461d138]
Event: 0,858 Thread 0x00007f9658102800    7             java.lang.String::lastIndexOf (156 bytes)
Event: 0,865 Thread 0x00007f9658102800 nmethod 7 0x00007f965461bc90 code [0x00007f965461be00, 0x00007f965461c3c8]
Event: 0,934 Thread 0x00007f9658100000    8             java.lang.String::indexOf (166 bytes)
Event: 0,940 Thread 0x00007f9658100000 nmethod 8 0x00007f9654620850 code [0x00007f96546209a0, 0x00007f9654620e98]
Event: 0,948 Thread 0x00007f9658102800    9             sun.nio.cs.UTF_8$Decoder::decodeArrayLoop (553 bytes)
Event: 0,976 Thread 0x00007f9658102800 nmethod 9 0x00007f9654621650 code [0x00007f9654621860, 0x00007f9654622348]
Event: 1,192 Thread 0x00007f9658100000   10             java.lang.Object::<init> (1 bytes)
Event: 1,193 Thread 0x00007f9658100000 nmethod 10 0x00007f9654623d10 code [0x00007f9654623e40, 0x00007f9654623eb8]

GC Heap History (0 events):
No events

Deoptimization events (0 events):
No events

Internal exceptions (10 events):
Event: 1,166 Thread 0x00007f965800d800 Threw 0x00000000d6a4a560 at /build/buildd/openjdk-6-6b30-1.13.1/build/openjdk/hotspot/src/share/vm/classfile/systemDictionary.cpp:1
Event: 1,166 Thread 0x00007f965800d800 Threw 0x00000000d6a4a8e0 at /build/buildd/openjdk-6-6b30-1.13.1/build/openjdk/hotspot/src/share/vm/prims/jvm.cpp:1235
Event: 1,188 Thread 0x00007f965800d800 Threw 0x00000000d6a4db20 at /build/buildd/openjdk-6-6b30-1.13.1/build/openjdk/hotspot/src/share/vm/prims/jni.cpp:742
Event: 1,188 Thread 0x00007f965800d800 Threw 0x00000000d6a4e0a8 at /build/buildd/openjdk-6-6b30-1.13.1/build/openjdk/hotspot/src/share/vm/prims/jni.cpp:742
Event: 1,214 Thread 0x00007f965800d800 Threw 0x00000000d6a703a8 at /build/buildd/openjdk-6-6b30-1.13.1/build/openjdk/hotspot/src/share/vm/classfile/systemDictionary.cpp:1
Event: 1,215 Thread 0x00007f965800d800 Threw 0x00000000d6a706d0 at /build/buildd/openjdk-6-6b30-1.13.1/build/openjdk/hotspot/src/share/vm/prims/jvm.cpp:1235
Event: 1,218 Thread 0x00007f965800d800 Threw 0x00000000d6a74748 at /build/buildd/openjdk-6-6b30-1.13.1/build/openjdk/hotspot/src/share/vm/classfile/systemDictionary.cpp:1
Event: 1,218 Thread 0x00007f965800d800 Threw 0x00000000d6a74a90 at /build/buildd/openjdk-6-6b30-1.13.1/build/openjdk/hotspot/src/share/vm/prims/jvm.cpp:1235
Event: 1,220 Thread 0x00007f965800d800 Threw 0x00000000d6a76560 at /build/buildd/openjdk-6-6b30-1.13.1/build/openjdk/hotspot/src/share/vm/classfile/systemDictionary.cpp:1
Event: 1,220 Thread 0x00007f965800d800 Threw 0x00000000d6a768a8 at /build/buildd/openjdk-6-6b30-1.13.1/build/openjdk/hotspot/src/share/vm/prims/jvm.cpp:1235

Events (10 events):
Event: 4,604 Executing VM operation: EnableBiasedLocking
Event: 4,605 Executing VM operation: EnableBiasedLocking done
Event: 41,282 Executing VM operation: EnterInterpOnlyMode
Event: 41,282 Executing VM operation: EnterInterpOnlyMode done
Event: 41,282 Executing VM operation: GetCurrentLocation
Event: 41,282 Executing VM operation: GetCurrentLocation done
Event: 41,284 Executing VM operation: ChangeSingleStep
Event: 41,284 Executing VM operation: ChangeSingleStep done
Event: 41,295 Executing VM operation: ChangeSingleStep
Event: 41,295 Executing VM operation: ChangeSingleStep done


Dynamic libraries:
00400000-00409000 r-xp 00000000 08:01 262783                             /usr/lib/jvm/java-6-openjdk-amd64/jre/bin/java
00608000-00609000 r--p 00008000 08:01 262783                             /usr/lib/jvm/java-6-openjdk-amd64/jre/bin/java
00609000-0060a000 rw-p 00009000 08:01 262783                             /usr/lib/jvm/java-6-openjdk-amd64/jre/bin/java
00ef2000-00f13000 rw-p 00000000 00:00 0                                  [heap]
d6800000-d6d30000 rw-p 00000000 00:00 0 
d6d30000-e0e00000 rw-p 00000000 00:00 0 
e0e00000-e1860000 rw-p 00000000 00:00 0 
e1860000-f5a00000 rw-p 00000000 00:00 0 
f5a00000-f6ec0000 rw-p 00000000 00:00 0 
f6ec0000-100000000 rw-p 00000000 00:00 0 
7f9620000000-7f9620021000 rw-p 00000000 00:00 0 
7f9620021000-7f9624000000 ---p 00000000 00:00 0 
7f9628000000-7f96280df000 rw-p 00000000 00:00 0 
7f96280df000-7f962c000000 ---p 00000000 00:00 0 
7f962c000000-7f962c021000 rw-p 00000000 00:00 0 
7f962c021000-7f9630000000 ---p 00000000 00:00 0 
7f9630000000-7f9630021000 rw-p 00000000 00:00 0 
7f9630021000-7f9634000000 ---p 00000000 00:00 0 
7f9634000000-7f96341f8000 rw-p 00000000 00:00 0 
7f96341f8000-7f9638000000 ---p 00000000 00:00 0 
7f9638000000-7f9638027000 rw-p 00000000 00:00 0 
7f9638027000-7f963c000000 ---p 00000000 00:00 0 
7f963c000000-7f963c021000 rw-p 00000000 00:00 0 
7f963c021000-7f9640000000 ---p 00000000 00:00 0 
7f9640000000-7f9640021000 rw-p 00000000 00:00 0 
7f9640021000-7f9644000000 ---p 00000000 00:00 0 
7f9644000000-7f9644021000 rw-p 00000000 00:00 0 
7f9644021000-7f9648000000 ---p 00000000 00:00 0 
7f9648000000-7f9648021000 rw-p 00000000 00:00 0 
7f9648021000-7f964c000000 ---p 00000000 00:00 0 
7f964efd3000-7f964efd7000 r-xp 00000000 00:19 1270                       /media/sf_Shared/Werk/Codebases/vApus-hmt/vApus-hmt/build/classes/HMTProxy.so
7f964efd7000-7f964f1d6000 ---p 00004000 00:19 1270                       /media/sf_Shared/Werk/Codebases/vApus-hmt/vApus-hmt/build/classes/HMTProxy.so
7f964f1d6000-7f964f1d7000 r--p 00003000 00:19 1270                       /media/sf_Shared/Werk/Codebases/vApus-hmt/vApus-hmt/build/classes/HMTProxy.so
7f964f1d7000-7f964f1d8000 rw-p 00004000 00:19 1270                       /media/sf_Shared/Werk/Codebases/vApus-hmt/vApus-hmt/build/classes/HMTProxy.so
7f964f1d8000-7f964f1d9000 r-xp 00000000 00:19 1275                       /media/sf_Shared/Werk/Codebases/vApus-hmt/vApus-hmt/build/classes/cpuid.so
7f964f1d9000-7f964f3d8000 ---p 00001000 00:19 1275                       /media/sf_Shared/Werk/Codebases/vApus-hmt/vApus-hmt/build/classes/cpuid.so
7f964f3d8000-7f964f3d9000 r--p 00000000 00:19 1275                       /media/sf_Shared/Werk/Codebases/vApus-hmt/vApus-hmt/build/classes/cpuid.so
7f964f3d9000-7f964f3da000 rw-p 00001000 00:19 1275                       /media/sf_Shared/Werk/Codebases/vApus-hmt/vApus-hmt/build/classes/cpuid.so
7f964f3da000-7f964f3f1000 r-xp 00000000 08:01 296258                     /tmp/jna-1657725981/jna4139736705701158215.tmp (deleted)
7f964f3f1000-7f964f4f0000 ---p 00017000 08:01 296258                     /tmp/jna-1657725981/jna4139736705701158215.tmp (deleted)
7f964f4f0000-7f964f4f2000 rw-p 00016000 08:01 296258                     /tmp/jna-1657725981/jna4139736705701158215.tmp (deleted)
7f964f4f2000-7f964f4f3000 ---p 00000000 00:00 0 
7f964f4f3000-7f964f5f3000 rw-p 00000000 00:00 0                          [stack:6686]
7f964f5f3000-7f964f5f6000 ---p 00000000 00:00 0 
7f964f5f6000-7f964f6f4000 rw-p 00000000 00:00 0                          [stack:6685]
7f964f6f4000-7f964f6f7000 ---p 00000000 00:00 0 
7f964f6f7000-7f964f7f5000 rw-p 00000000 00:00 0                          [stack:6684]
7f964f7f5000-7f964f7f8000 ---p 00000000 00:00 0 
7f964f7f8000-7f964f8f6000 rw-p 00000000 00:00 0                          [stack:6683]
7f964f8f6000-7f964f8f9000 ---p 00000000 00:00 0 
7f964f8f9000-7f964f9f7000 rw-p 00000000 00:00 0                          [stack:6680]
7f964f9f7000-7f964f9fa000 ---p 00000000 00:00 0 
7f964f9fa000-7f964faf8000 rw-p 00000000 00:00 0                          [stack:6679]
7f964faf8000-7f964fafb000 ---p 00000000 00:00 0 
7f964fafb000-7f964fbf9000 rw-p 00000000 00:00 0                          [stack:6677]
7f964fbf9000-7f964fbfd000 r-xp 00000000 08:01 262828                     /usr/lib/jvm/java-6-openjdk-amd64/jre/lib/amd64/libdt_socket.so
7f964fbfd000-7f964fdfc000 ---p 00004000 08:01 262828                     /usr/lib/jvm/java-6-openjdk-amd64/jre/lib/amd64/libdt_socket.so
7f964fdfc000-7f964fdfd000 r--p 00003000 08:01 262828                     /usr/lib/jvm/java-6-openjdk-amd64/jre/lib/amd64/libdt_socket.so
7f964fdfd000-7f964fdfe000 rw-p 00004000 08:01 262828                     /usr/lib/jvm/java-6-openjdk-amd64/jre/lib/amd64/libdt_socket.so
7f964fdfe000-7f964fe01000 ---p 00000000 00:00 0 
7f964fe01000-7f964feff000 rw-p 00000000 00:00 0                          [stack:6676]
7f964feff000-7f964ff02000 ---p 00000000 00:00 0 
7f964ff02000-7f9650000000 rw-p 00000000 00:00 0                          [stack:6674]
7f9650000000-7f9650021000 rw-p 00000000 00:00 0 
7f9650021000-7f9654000000 ---p 00000000 00:00 0 
7f9654069000-7f9654070000 r--s 00053000 08:01 262723                     /usr/lib/jvm/java-6-openjdk-common/jre/lib/resources.jar
7f9654070000-7f9654074000 r--s 0003c000 08:01 262747                     /usr/lib/jvm/java-6-openjdk-common/jre/lib/jsse.jar
7f9654074000-7f9654079000 r--s 00029000 08:01 313354                     /home/didjeeh/netbeans-8.0/java/modules/ext/spring-3.0/spring-webmvc-portlet-3.2.7.RELEASE.jar
7f9654079000-7f9654085000 r--s 0008e000 08:01 313681                     /home/didjeeh/netbeans-8.0/java/modules/ext/spring-3.0/spring-webmvc-3.2.7.RELEASE.jar
7f9654085000-7f9654094000 r--s 00089000 08:01 313779                     /home/didjeeh/netbeans-8.0/java/modules/ext/spring-3.0/spring-web-3.2.7.RELEASE.jar
7f9654094000-7f965409b000 r--s 00034000 08:01 313822                     /home/didjeeh/netbeans-8.0/java/modules/ext/spring-3.0/spring-tx-3.2.7.RELEASE.jar
7f965409b000-7f96540a6000 r--s 00064000 08:01 313750                     /home/didjeeh/netbeans-8.0/java/modules/ext/spring-3.0/spring-test-3.2.7.RELEASE.jar
7f96540a6000-7f96540a8000 r--s 00007000 08:01 313682                     /home/didjeeh/netbeans-8.0/java/modules/ext/spring-3.0/spring-struts-3.2.7.RELEASE.jar
7f96540a8000-7f96540aa000 r--s 00010000 08:01 313782                     /home/didjeeh/netbeans-8.0/java/modules/ext/spring-3.0/spring-oxm-3.2.7.RELEASE.jar
7f96540aa000-7f96540b2000 r--s 00055000 08:01 313780                     /home/didjeeh/netbeans-8.0/java/modules/ext/spring-3.0/spring-orm-3.2.7.RELEASE.jar
7f96540b2000-7f96540b7000 r--s 0002d000 08:01 313778                     /home/didjeeh/netbeans-8.0/java/modules/ext/spring-3.0/spring-jms-3.2.7.RELEASE.jar
7f96540b7000-7f96540c1000 r--s 00058000 08:01 313749                     /home/didjeeh/netbeans-8.0/java/modules/ext/spring-3.0/spring-jdbc-3.2.7.RELEASE.jar
7f96540c1000-7f96540c2000 r--s 00002000 08:01 313279                     /home/didjeeh/netbeans-8.0/java/modules/ext/spring-3.0/spring-instrument-tomcat-3.2.7.RELEASE.jar
7f96540c2000-7f96540c3000 r--s 00001000 08:01 313518                     /home/didjeeh/netbeans-8.0/java/modules/ext/spring-3.0/spring-instrument-3.2.7.RELEASE.jar
7f96540c3000-7f96540d5000 r--s 000c0000 08:01 313751                     /home/didjeeh/netbeans-8.0/java/modules/ext/spring-3.0/spring-core-3.2.7.RELEASE.jar
7f96540d5000-7f96540ea000 r--s 000bd000 08:01 313645                     /home/didjeeh/netbeans-8.0/java/modules/ext/spring-3.0/spring-context-3.2.7.RELEASE.jar
7f96540ea000-7f96540f6000 r--s 00088000 08:01 313718                     /home/didjeeh/netbeans-8.0/java/modules/ext/spring-3.0/spring-beans-3.2.7.RELEASE.jar
7f96540f6000-7f96540f9000 ---p 00000000 00:00 0 
7f96540f9000-7f96541f7000 rw-p 00000000 00:00 0                          [stack:6673]
7f96541f7000-7f96541f8000 ---p 00000000 00:00 0 
7f96541f8000-7f965432b000 rw-p 00000000 00:00 0                          [stack:6672]
7f965432b000-7f96544c1000 r--s 01a09000 08:01 262792                     /usr/lib/jvm/java-6-openjdk-amd64/jre/lib/rt.jar
7f96544c1000-7f96544cc000 rw-p 00000000 00:00 0 
7f96544cc000-7f9654515000 rw-p 00000000 00:00 0 
7f9654515000-7f965451b000 rw-p 00000000 00:00 0 
7f965451b000-7f96545bc000 rw-p 00000000 00:00 0 
7f96545bc000-7f965482c000 rwxp 00000000 00:00 0 
7f965482c000-7f96575bc000 rw-p 00000000 00:00 0 
7f96575bc000-7f96575c3000 r-xp 00000000 08:01 262810                     /usr/lib/jvm/java-6-openjdk-amd64/jre/lib/amd64/libzip.so
7f96575c3000-7f96577c2000 ---p 00007000 08:01 262810                     /usr/lib/jvm/java-6-openjdk-amd64/jre/lib/amd64/libzip.so
7f96577c2000-7f96577c3000 r--p 00006000 08:01 262810                     /usr/lib/jvm/java-6-openjdk-amd64/jre/lib/amd64/libzip.so
7f96577c3000-7f96577c4000 rw-p 00007000 08:01 262810                     /usr/lib/jvm/java-6-openjdk-amd64/jre/lib/amd64/libzip.so
7f96577c4000-7f96577d0000 r-xp 00000000 08:01 660166                     /lib/x86_64-linux-gnu/libnss_files-2.17.so
7f96577d0000-7f96579cf000 ---p 0000c000 08:01 660166                     /lib/x86_64-linux-gnu/libnss_files-2.17.so
7f96579cf000-7f96579d0000 r--p 0000b000 08:01 660166                     /lib/x86_64-linux-gnu/libnss_files-2.17.so
7f96579d0000-7f96579d1000 rw-p 0000c000 08:01 660166                     /lib/x86_64-linux-gnu/libnss_files-2.17.so
7f96579d1000-7f96579dc000 r-xp 00000000 08:01 660170                     /lib/x86_64-linux-gnu/libnss_nis-2.17.so
7f96579dc000-7f9657bdb000 ---p 0000b000 08:01 660170                     /lib/x86_64-linux-gnu/libnss_nis-2.17.so
7f9657bdb000-7f9657bdc000 r--p 0000a000 08:01 660170                     /lib/x86_64-linux-gnu/libnss_nis-2.17.so
7f9657bdc000-7f9657bdd000 rw-p 0000b000 08:01 660170                     /lib/x86_64-linux-gnu/libnss_nis-2.17.so
7f9657bdd000-7f9657bf4000 r-xp 00000000 08:01 660160                     /lib/x86_64-linux-gnu/libnsl-2.17.so
7f9657bf4000-7f9657df3000 ---p 00017000 08:01 660160                     /lib/x86_64-linux-gnu/libnsl-2.17.so
7f9657df3000-7f9657df4000 r--p 00016000 08:01 660160                     /lib/x86_64-linux-gnu/libnsl-2.17.so
7f9657df4000-7f9657df5000 rw-p 00017000 08:01 660160                     /lib/x86_64-linux-gnu/libnsl-2.17.so
7f9657df5000-7f9657df7000 rw-p 00000000 00:00 0 
7f9657df7000-7f9657dff000 r-xp 00000000 08:01 660162                     /lib/x86_64-linux-gnu/libnss_compat-2.17.so
7f9657dff000-7f9657ffe000 ---p 00008000 08:01 660162                     /lib/x86_64-linux-gnu/libnss_compat-2.17.so
7f9657ffe000-7f9657fff000 r--p 00007000 08:01 660162                     /lib/x86_64-linux-gnu/libnss_compat-2.17.so
7f9657fff000-7f9658000000 rw-p 00008000 08:01 660162                     /lib/x86_64-linux-gnu/libnss_compat-2.17.so
7f9658000000-7f96582fc000 rw-p 00000000 00:00 0 
7f96582fc000-7f965c000000 ---p 00000000 00:00 0 
7f965c000000-7f965c001000 r--s 00001000 08:01 313376                     /home/didjeeh/netbeans-8.0/java/modules/ext/spring-3.0/spring-framework-bom-3.2.7.RELEASE.jar
7f965c001000-7f965c006000 r--s 0002b000 08:01 313519                     /home/didjeeh/netbeans-8.0/java/modules/ext/spring-3.0/spring-expression-3.2.7.RELEASE.jar
7f965c006000-7f965c00f000 r--s 00049000 08:01 313781                     /home/didjeeh/netbeans-8.0/java/modules/ext/spring-3.0/spring-aop-3.2.7.RELEASE.jar
7f965c00f000-7f965c03a000 rw-p 00000000 00:00 0 
7f965c03a000-7f965c08a000 rw-p 00000000 00:00 0 
7f965c08a000-7f965c090000 rw-p 00000000 00:00 0 
7f965c090000-7f965c130000 rw-p 00000000 00:00 0 
7f965c130000-7f965c13b000 rw-p 00000000 00:00 0 
7f965c13b000-7f965c183000 rw-p 00000000 00:00 0 
7f965c183000-7f965c184000 rw-p 00000000 00:00 0 
7f965c184000-7f965c8a6000 r--p 00000000 08:01 140359                     /usr/lib/locale/locale-archive
7f965c8a6000-7f965c8a9000 r-xp 00000000 08:01 262823                     /usr/lib/jvm/java-6-openjdk-amd64/jre/lib/amd64/libnpt.so
7f965c8a9000-7f965caa8000 ---p 00003000 08:01 262823                     /usr/lib/jvm/java-6-openjdk-amd64/jre/lib/amd64/libnpt.so
7f965caa8000-7f965caa9000 r--p 00002000 08:01 262823                     /usr/lib/jvm/java-6-openjdk-amd64/jre/lib/amd64/libnpt.so
7f965caa9000-7f965caaa000 rw-p 00003000 08:01 262823                     /usr/lib/jvm/java-6-openjdk-amd64/jre/lib/amd64/libnpt.so
7f965caaa000-7f965cae4000 r-xp 00000000 08:01 262821                     /usr/lib/jvm/java-6-openjdk-amd64/jre/lib/amd64/libjdwp.so
7f965cae4000-7f965cce3000 ---p 0003a000 08:01 262821                     /usr/lib/jvm/java-6-openjdk-amd64/jre/lib/amd64/libjdwp.so
7f965cce3000-7f965cce4000 r--p 00039000 08:01 262821                     /usr/lib/jvm/java-6-openjdk-amd64/jre/lib/amd64/libjdwp.so
7f965cce4000-7f965cce5000 rw-p 0003a000 08:01 262821                     /usr/lib/jvm/java-6-openjdk-amd64/jre/lib/amd64/libjdwp.so
7f965cce5000-7f965cd14000 r-xp 00000000 08:01 262802                     /usr/lib/jvm/java-6-openjdk-amd64/jre/lib/amd64/libjava.so
7f965cd14000-7f965cf14000 ---p 0002f000 08:01 262802                     /usr/lib/jvm/java-6-openjdk-amd64/jre/lib/amd64/libjava.so
7f965cf14000-7f965cf15000 r--p 0002f000 08:01 262802                     /usr/lib/jvm/java-6-openjdk-amd64/jre/lib/amd64/libjava.so
7f965cf15000-7f965cf18000 rw-p 00030000 08:01 262802                     /usr/lib/jvm/java-6-openjdk-amd64/jre/lib/amd64/libjava.so
7f965cf18000-7f965cf28000 r-xp 00000000 08:01 262826                     /usr/lib/jvm/java-6-openjdk-amd64/jre/lib/amd64/libverify.so
7f965cf28000-7f965d127000 ---p 00010000 08:01 262826                     /usr/lib/jvm/java-6-openjdk-amd64/jre/lib/amd64/libverify.so
7f965d127000-7f965d129000 r--p 0000f000 08:01 262826                     /usr/lib/jvm/java-6-openjdk-amd64/jre/lib/amd64/libverify.so
7f965d129000-7f965d12a000 rw-p 00011000 08:01 262826                     /usr/lib/jvm/java-6-openjdk-amd64/jre/lib/amd64/libverify.so
7f965d12a000-7f965d131000 r-xp 00000000 08:01 660213                     /lib/x86_64-linux-gnu/librt-2.17.so
7f965d131000-7f965d330000 ---p 00007000 08:01 660213                     /lib/x86_64-linux-gnu/librt-2.17.so
7f965d330000-7f965d331000 r--p 00006000 08:01 660213                     /lib/x86_64-linux-gnu/librt-2.17.so
7f965d331000-7f965d332000 rw-p 00007000 08:01 660213                     /lib/x86_64-linux-gnu/librt-2.17.so
7f965d332000-7f965d347000 r-xp 00000000 08:01 661141                     /lib/x86_64-linux-gnu/libgcc_s.so.1
7f965d347000-7f965d546000 ---p 00015000 08:01 661141                     /lib/x86_64-linux-gnu/libgcc_s.so.1
7f965d546000-7f965d547000 r--p 00014000 08:01 661141                     /lib/x86_64-linux-gnu/libgcc_s.so.1
7f965d547000-7f965d548000 rw-p 00015000 08:01 661141                     /lib/x86_64-linux-gnu/libgcc_s.so.1
7f965d548000-7f965d64b000 r-xp 00000000 08:01 660141                     /lib/x86_64-linux-gnu/libm-2.17.so
7f965d64b000-7f965d84a000 ---p 00103000 08:01 660141                     /lib/x86_64-linux-gnu/libm-2.17.so
7f965d84a000-7f965d84b000 r--p 00102000 08:01 660141                     /lib/x86_64-linux-gnu/libm-2.17.so
7f965d84b000-7f965d84c000 rw-p 00103000 08:01 660141                     /lib/x86_64-linux-gnu/libm-2.17.so
7f965d84c000-7f965d932000 r-xp 00000000 08:01 142182                     /usr/lib/x86_64-linux-gnu/libstdc++.so.6.0.18
7f965d932000-7f965db31000 ---p 000e6000 08:01 142182                     /usr/lib/x86_64-linux-gnu/libstdc++.so.6.0.18
7f965db31000-7f965db39000 r--p 000e5000 08:01 142182                     /usr/lib/x86_64-linux-gnu/libstdc++.so.6.0.18
7f965db39000-7f965db3b000 rw-p 000ed000 08:01 142182                     /usr/lib/x86_64-linux-gnu/libstdc++.so.6.0.18
7f965db3b000-7f965db50000 rw-p 00000000 00:00 0 
7f965db50000-7f965e560000 r-xp 00000000 08:01 262795                     /usr/lib/jvm/java-6-openjdk-amd64/jre/lib/amd64/server/libjvm.so
7f965e560000-7f965e75f000 ---p 00a10000 08:01 262795                     /usr/lib/jvm/java-6-openjdk-amd64/jre/lib/amd64/server/libjvm.so
7f965e75f000-7f965e7d8000 r--p 00a0f000 08:01 262795                     /usr/lib/jvm/java-6-openjdk-amd64/jre/lib/amd64/server/libjvm.so
7f965e7d8000-7f965e7fb000 rw-p 00a88000 08:01 262795                     /usr/lib/jvm/java-6-openjdk-amd64/jre/lib/amd64/server/libjvm.so
7f965e7fb000-7f965e826000 rw-p 00000000 00:00 0 
7f965e826000-7f965e83e000 r-xp 00000000 08:01 660248                     /lib/x86_64-linux-gnu/libz.so.1.2.8
7f965e83e000-7f965ea3d000 ---p 00018000 08:01 660248                     /lib/x86_64-linux-gnu/libz.so.1.2.8
7f965ea3d000-7f965ea3e000 r--p 00017000 08:01 660248                     /lib/x86_64-linux-gnu/libz.so.1.2.8
7f965ea3e000-7f965ea3f000 rw-p 00018000 08:01 660248                     /lib/x86_64-linux-gnu/libz.so.1.2.8
7f965ea3f000-7f965ebfc000 r-xp 00000000 08:01 660090                     /lib/x86_64-linux-gnu/libc-2.17.so
7f965ebfc000-7f965edfc000 ---p 001bd000 08:01 660090                     /lib/x86_64-linux-gnu/libc-2.17.so
7f965edfc000-7f965ee00000 r--p 001bd000 08:01 660090                     /lib/x86_64-linux-gnu/libc-2.17.so
7f965ee00000-7f965ee02000 rw-p 001c1000 08:01 660090                     /lib/x86_64-linux-gnu/libc-2.17.so
7f965ee02000-7f965ee07000 rw-p 00000000 00:00 0 
7f965ee07000-7f965ee0a000 r-xp 00000000 08:01 660105                     /lib/x86_64-linux-gnu/libdl-2.17.so
7f965ee0a000-7f965f009000 ---p 00003000 08:01 660105                     /lib/x86_64-linux-gnu/libdl-2.17.so
7f965f009000-7f965f00a000 r--p 00002000 08:01 660105                     /lib/x86_64-linux-gnu/libdl-2.17.so
7f965f00a000-7f965f00b000 rw-p 00003000 08:01 660105                     /lib/x86_64-linux-gnu/libdl-2.17.so
7f965f00b000-7f965f00f000 r-xp 00000000 08:01 262809                     /usr/lib/jvm/java-6-openjdk-amd64/jre/lib/amd64/jli/libjli.so
7f965f00f000-7f965f20e000 ---p 00004000 08:01 262809                     /usr/lib/jvm/java-6-openjdk-amd64/jre/lib/amd64/jli/libjli.so
7f965f20e000-7f965f20f000 r--p 00003000 08:01 262809                     /usr/lib/jvm/java-6-openjdk-amd64/jre/lib/amd64/jli/libjli.so
7f965f20f000-7f965f210000 rw-p 00004000 08:01 262809                     /usr/lib/jvm/java-6-openjdk-amd64/jre/lib/amd64/jli/libjli.so
7f965f210000-7f965f227000 r-xp 00000000 08:01 660205                     /lib/x86_64-linux-gnu/libpthread-2.17.so
7f965f227000-7f965f427000 ---p 00017000 08:01 660205                     /lib/x86_64-linux-gnu/libpthread-2.17.so
7f965f427000-7f965f428000 r--p 00017000 08:01 660205                     /lib/x86_64-linux-gnu/libpthread-2.17.so
7f965f428000-7f965f429000 rw-p 00018000 08:01 660205                     /lib/x86_64-linux-gnu/libpthread-2.17.so
7f965f429000-7f965f42d000 rw-p 00000000 00:00 0 
7f965f42d000-7f965f450000 r-xp 00000000 08:01 660066                     /lib/x86_64-linux-gnu/ld-2.17.so
7f965f450000-7f965f454000 r--s 0001c000 08:01 313320                     /home/didjeeh/netbeans-8.0/java/modules/ext/spring-3.0/spring-context-support-3.2.7.RELEASE.jar
7f965f454000-7f965f456000 r--s 00010000 08:01 313554                     /home/didjeeh/netbeans-8.0/java/modules/ext/spring-3.0/spring-build-src-3.2.7.RELEASE.jar
7f965f456000-7f965f458000 r--s 0000b000 08:01 313646                     /home/didjeeh/netbeans-8.0/java/modules/ext/spring-3.0/spring-aspects-3.2.7.RELEASE.jar
7f965f458000-7f965f45e000 r--s 0003d000 08:01 314237                     /home/didjeeh/netbeans-8.0/java/modules/ext/cglib-2.2.jar
7f965f45e000-7f965f460000 r--s 0000d000 08:01 312533                     /home/didjeeh/netbeans-8.0/ide/modules/org-apache-commons-logging.jar
7f965f460000-7f965f464000 r--s 000dc000 00:19 509                        /media/sf_Shared/Werk/Codebases/vApus-hmt/lib/jna-4.1.0.jar
7f965f464000-7f965f469000 r--s 0002a000 00:19 508                        /media/sf_Shared/Werk/Codebases/vApus-hmt/lib/google-gson-2.2.4/gson-2.2.4.jar
7f965f469000-7f965f46b000 r--s 00006000 00:19 1225                       /media/sf_Shared/Werk/Codebases/vApus-hmt/vApus-agent-util/dist/vApus-agent-util.jar
7f965f46b000-7f965f46c000 r--s 00007000 00:19 1244                       /media/sf_Shared/Werk/Codebases/vApus-hmt/vApus-agent/dist/vApus-agent.jar
7f965f46c000-7f965f46e000 r--s 00006000 08:01 418398                     /usr/share/java/java-atk-wrapper.jar
7f965f46e000-7f965f472000 r--s 00039000 08:01 262724                     /usr/lib/jvm/java-6-openjdk-common/jre/lib/ext/sunpkcs11.jar
7f965f472000-7f965f474000 r--s 00001000 08:01 262728                     /usr/lib/jvm/java-6-openjdk-common/jre/lib/ext/dnsns.jar
7f965f474000-7f965f47e000 rw-p 00000000 00:00 0 
7f965f47e000-7f965f534000 rw-p 00000000 00:00 0 
7f965f534000-7f965f537000 ---p 00000000 00:00 0 
7f965f537000-7f965f63a000 rw-p 00000000 00:00 0                          [stack:6671]
7f965f63a000-7f965f63d000 r--s 00031000 08:01 262726                     /usr/lib/jvm/java-6-openjdk-common/jre/lib/ext/sunjce_provider.jar
7f965f63d000-7f965f640000 r--s 00077000 08:01 262725                     /usr/lib/jvm/java-6-openjdk-common/jre/lib/ext/localedata.jar
7f965f640000-7f965f643000 r--s 0000f000 08:01 262727                     /usr/lib/jvm/java-6-openjdk-common/jre/lib/ext/pulse-java.jar
7f965f643000-7f965f64b000 rw-s 00000000 08:01 296248                     /tmp/hsperfdata_didjeeh/6667
7f965f64b000-7f965f64c000 rw-p 00000000 00:00 0 
7f965f64c000-7f965f64d000 r--p 00000000 00:00 0 
7f965f64d000-7f965f64f000 rw-p 00000000 00:00 0 
7f965f64f000-7f965f650000 r--p 00022000 08:01 660066                     /lib/x86_64-linux-gnu/ld-2.17.so
7f965f650000-7f965f652000 rw-p 00023000 08:01 660066                     /lib/x86_64-linux-gnu/ld-2.17.so
7fffe41b1000-7fffe41d3000 rw-p 00000000 00:00 0                          [stack]
7fffe41fe000-7fffe4200000 r-xp 00000000 00:00 0                          [vdso]
ffffffffff600000-ffffffffff601000 r-xp 00000000 00:00 0                  [vsyscall]

VM Arguments:
jvm_args: -Xdebug -Xrunjdwp:transport=dt_socket,address=localhost:32864 -Dfile.encoding=UTF-8 
java_command: be.sizingservers.vapus.hmt.agent.HMTAgent
Launcher Type: SUN_STANDARD

Environment Variables:
PATH=/usr/lib/lightdm/lightdm:/usr/local/sbin:/usr/local/bin:/usr/sbin:/usr/bin:/sbin:/bin:/usr/games:/usr/local/games
LD_LIBRARY_PATH=/usr/lib/jvm/java-6-openjdk-amd64/jre/lib/amd64/server:/usr/lib/jvm/java-6-openjdk-amd64/jre/lib/amd64:/usr/lib/jvm/java-6-openjdk-amd64/jre/../lib/amd64:/usr/lib/jvm/default-java/jre/lib/amd64:/usr/lib/jvm/default-java/jre/lib/i386:
SHELL=/bin/bash
DISPLAY=:0

Signal Handlers:
SIGSEGV: [libjvm.so+0x873340], sa_mask[0]=0x7ffbfeff, sa_flags=0x10000004
SIGBUS: [libjvm.so+0x873340], sa_mask[0]=0x7ffbfeff, sa_flags=0x10000004
SIGFPE: [libjvm.so+0x70b5f0], sa_mask[0]=0x7ffbfeff, sa_flags=0x10000004
SIGPIPE: [libjvm.so+0x70b5f0], sa_mask[0]=0x7ffbfeff, sa_flags=0x10000004
SIGXFSZ: [libjvm.so+0x70b5f0], sa_mask[0]=0x7ffbfeff, sa_flags=0x10000004
SIGILL: [libjvm.so+0x70b5f0], sa_mask[0]=0x7ffbfeff, sa_flags=0x10000004
SIGUSR1: SIG_DFL, sa_mask[0]=0x00000000, sa_flags=0x00000000
SIGUSR2: [libjvm.so+0x70b320], sa_mask[0]=0x00000004, sa_flags=0x10000004
SIGHUP: [libjvm.so+0x70b600], sa_mask[0]=0x7ffbfeff, sa_flags=0x10000004
SIGINT: SIG_IGN, sa_mask[0]=0x00000000, sa_flags=0x00000000
SIGTERM: [libjvm.so+0x70b600], sa_mask[0]=0x7ffbfeff, sa_flags=0x10000004
SIGQUIT: [libjvm.so+0x70b600], sa_mask[0]=0x7ffbfeff, sa_flags=0x10000004


---------------  S Y S T E M  ---------------

OS:Ubuntu 13.10 (saucy)
uname:Linux 3.11.0-18-generic #32-Ubuntu SMP Tue Feb 18 21:11:14 UTC 2014 x86_64
libc:glibc 2.17 NPTL 2.17 
rlimit: STACK 8192k, CORE 0k, NPROC 7796, NOFILE 4096, AS infinity
load average:0,68 0,60 0,57

/proc/meminfo:
MemTotal:        1018132 kB
MemFree:           86020 kB
Buffers:           10356 kB
Cached:           103336 kB
SwapCached:        17808 kB
Active:           421476 kB
Inactive:         418780 kB
Active(anon):     358044 kB
Inactive(anon):   384128 kB
Active(file):      63432 kB
Inactive(file):    34652 kB
Unevictable:          32 kB
Mlocked:              32 kB
SwapTotal:       2094076 kB
SwapFree:        1910000 kB
Dirty:                56 kB
Writeback:             0 kB
AnonPages:        711344 kB
Mapped:            55504 kB
Shmem:             15604 kB
Slab:              46304 kB
SReclaimable:      27104 kB
SUnreclaim:        19200 kB
KernelStack:        3032 kB
PageTables:        23928 kB
NFS_Unstable:          0 kB
Bounce:                0 kB
WritebackTmp:          0 kB
CommitLimit:     2603140 kB
Committed_AS:    2861328 kB
VmallocTotal:   34359738367 kB
VmallocUsed:       22972 kB
VmallocChunk:   34359712572 kB
HardwareCorrupted:     0 kB
AnonHugePages:         0 kB
HugePages_Total:       0
HugePages_Free:        0
HugePages_Rsvd:        0
HugePages_Surp:        0
Hugepagesize:       2048 kB
DirectMap4k:       38848 kB
DirectMap2M:     1009664 kB


CPU:total 2 (2 cores per cpu, 1 threads per core) family 6 model 58 stepping 9, cmov, cx8, fxsr, mmx, sse, sse2, sse3, ssse3, tsc

/proc/cpuinfo:
processor	: 0
vendor_id	: GenuineIntel
cpu family	: 6
model		: 58
model name	: Intel(R) Core(TM) i7-3520M CPU @ 2.90GHz
stepping	: 9
microcode	: 0x19
cpu MHz		: 2880.792
cache size	: 6144 KB
physical id	: 0
siblings	: 2
core id		: 0
cpu cores	: 2
apicid		: 0
initial apicid	: 0
fpu		: yes
fpu_exception	: yes
cpuid level	: 5
wp		: yes
flags		: fpu vme de pse tsc msr pae mce cx8 apic sep mtrr pge mca cmov pat pse36 clflush mmx fxsr sse sse2 ht syscall nx rdtscp lm constant_tsc rep_good nopl pni ssse3 lahf_lm
bogomips	: 5761.58
clflush size	: 64
cache_alignment	: 64
address sizes	: 36 bits physical, 48 bits virtual
power management:

processor	: 1
vendor_id	: GenuineIntel
cpu family	: 6
model		: 58
model name	: Intel(R) Core(TM) i7-3520M CPU @ 2.90GHz
stepping	: 9
microcode	: 0x19
cpu MHz		: 2880.792
cache size	: 6144 KB
physical id	: 0
siblings	: 2
core id		: 1
cpu cores	: 2
apicid		: 1
initial apicid	: 1
fpu		: yes
fpu_exception	: yes
cpuid level	: 5
wp		: yes
flags		: fpu vme de pse tsc msr pae mce cx8 apic sep mtrr pge mca cmov pat pse36 clflush mmx fxsr sse sse2 ht syscall nx rdtscp lm constant_tsc rep_good nopl pni ssse3 lahf_lm
bogomips	: 5761.58
clflush size	: 64
cache_alignment	: 64
address sizes	: 36 bits physical, 48 bits virtual
power management:



Memory: 4k page, physical 1018132k(86020k free), swap 2094076k(1910000k free)

vm_info: OpenJDK 64-Bit Server VM (23.25-b01) for linux-amd64 JRE (1.6.0_30-b30), built on Feb 25 2014 23:15:17 by "buildd" with gcc 4.8.1

time: Wed Jun 11 11:35:23 2014
elapsed time: 41 seconds

